<?xml version="1.0" encoding="UTF-8"?>
<!-- Generated by org.testng.reporters.JUnitReportReporter -->
<testsuite hostname="DESKTOP-B94R4DD" failures="0" tests="4" name="testScripts.LoginTest" time="0.149" errors="0" timestamp="2025-09-10T20:12:37 IST" skipped="0">
  <testcase classname="testScripts.LoginTest" name="tc001" time="0.072"/>
  <testcase classname="testScripts.LoginTest" name="tc001" time="0.008"/>
  <testcase classname="testScripts.LoginTest" name="tc001" time="0.019"/>
  <testcase classname="testScripts.LoginTest" name="tc001" time="0.050"/>
</testsuite> <!-- testScripts.LoginTest -->
