<?xml version="1.0" encoding="UTF-8"?>
<!-- Generated by org.testng.reporters.JUnitReportReporter -->
<testsuite hostname="DESKTOP-B94R4DD" failures="0" tests="1" name="testScripts.LoginTest" time="15.034" errors="0" timestamp="2025-09-01T20:17:08 IST" skipped="0">
  <testcase classname="testScripts.LoginTest" name="tc001" time="15.034"/>
</testsuite> <!-- testScripts.LoginTest -->
