<?xml version="1.0" encoding="UTF-8"?>
<!-- Generated by org.testng.reporters.JUnitReportReporter -->
<testsuite hostname="DESKTOP-B94R4DD" failures="0" tests="1" name="testScripts.LoginTest" time="16.001" errors="0" timestamp="2025-08-20T20:30:58 IST" skipped="0">
  <testcase classname="testScripts.LoginTest" name="tc001" time="16.001"/>
</testsuite> <!-- testScripts.LoginTest -->
